2026-01-05 22:53:19 | INFO     | üöÄ Starting Shlok Music Bot...
2026-01-05 22:53:19 | INFO     | üöÄ Starting bot (attempt 1/10)...
2026-01-05 22:53:19 | INFO     | logging in using static token
2026-01-05 22:53:20 | INFO     | üîß Setting up Shlok Music Bot...
2026-01-05 22:53:20 | INFO     | ‚úÖ Music cog loaded
2026-01-05 22:53:20 | INFO     | ‚úÖ Loaded: cogs.music_simple
2026-01-05 22:53:20 | INFO     | ‚úÖ Utility cog loaded
2026-01-05 22:53:20 | INFO     | ‚úÖ Loaded: cogs.utility_new
2026-01-05 22:53:27 | INFO     | 127.0.0.1 [05/Jan/2026:22:53:27 +0530] "GET / HTTP/1.1" 200 1100 "-" "curl/8.7.1"
2026-01-05 22:53:27 | INFO     | 127.0.0.1 [05/Jan/2026:22:53:27 +0530] "GET /health HTTP/1.1" 200 244 "-" "curl/8.7.1"
2026-01-05 22:53:55 | INFO     | ‚úÖ Synced 21 slash commands globally
2026-01-05 22:53:57 | INFO     | Shard ID None has connected to Gateway (Session ID: 9a2a7e98dac66dec8aef9bba97d0a23c).
2026-01-05 22:53:59 | INFO     | ‚îÅ‚îÅ‚îÅ‚îÅ‚îÅ‚îÅ‚îÅ‚îÅ‚îÅ‚îÅ‚îÅ‚îÅ‚îÅ‚îÅ‚îÅ‚îÅ‚îÅ‚îÅ‚îÅ‚îÅ‚îÅ‚îÅ‚îÅ‚îÅ‚îÅ‚îÅ‚îÅ‚îÅ‚îÅ‚îÅ‚îÅ‚îÅ‚îÅ‚îÅ‚îÅ‚îÅ‚îÅ‚îÅ‚îÅ‚îÅ‚îÅ‚îÅ‚îÅ‚îÅ‚îÅ‚îÅ‚îÅ‚îÅ‚îÅ‚îÅ
2026-01-05 22:53:59 | INFO     | üéµ Shlok Music is online!
2026-01-05 22:53:59 | INFO     | üìä Servers: 5
2026-01-05 22:53:59 | INFO     | üë• Users: 108
2026-01-05 22:53:59 | INFO     | ü§ñ Shlok's Music Bot#5200 (ID: 1097878151713017896)
2026-01-05 22:53:59 | INFO     | üì° Latency: 328ms
2026-01-05 22:53:59 | INFO     | ‚îÅ‚îÅ‚îÅ‚îÅ‚îÅ‚îÅ‚îÅ‚îÅ‚îÅ‚îÅ‚îÅ‚îÅ‚îÅ‚îÅ‚îÅ‚îÅ‚îÅ‚îÅ‚îÅ‚îÅ‚îÅ‚îÅ‚îÅ‚îÅ‚îÅ‚îÅ‚îÅ‚îÅ‚îÅ‚îÅ‚îÅ‚îÅ‚îÅ‚îÅ‚îÅ‚îÅ‚îÅ‚îÅ‚îÅ‚îÅ‚îÅ‚îÅ‚îÅ‚îÅ‚îÅ‚îÅ‚îÅ‚îÅ‚îÅ‚îÅ
2026-01-05 22:55:21 | INFO     | 127.0.0.1 [05/Jan/2026:22:55:21 +0530] "HEAD / HTTP/1.1" 200 153 "https://overfrugally-wholehearted-olin.ngrok-free.dev/" "Mozilla/5.0+(compatible; UptimeRobot/2.0; http://www.uptimerobot.com/)"
2026-01-05 22:55:21 | INFO     | 127.0.0.1 [05/Jan/2026:22:55:21 +0530] "HEAD /health HTTP/1.1" 200 159 "https://overfrugally-wholehearted-olin.ngrok-free.dev/health" "Mozilla/5.0+(compatible; UptimeRobot/2.0; http://www.uptimerobot.com/)"
2026-01-05 22:56:30 | INFO     | Connecting to voice...
2026-01-05 22:56:30 | INFO     | Starting voice handshake... (connection attempt 1)
2026-01-05 22:56:31 | INFO     | Voice handshake complete. Endpoint found: c-bom12-7c27b0a0.discord.media:2053
2026-01-05 22:56:31 | INFO     | Voice connection complete.
2026-01-05 22:56:33 | ERROR    | Disconnected from voice... Reconnecting in 0.56s.
Traceback (most recent call last):
  File "/Library/Frameworks/Python.framework/Versions/3.14/lib/python3.14/site-packages/discord/voice_state.py", line 601, in _poll_voice_ws
    await self.ws.poll_event()
  File "/Library/Frameworks/Python.framework/Versions/3.14/lib/python3.14/site-packages/discord/gateway.py", line 1053, in poll_event
    raise ConnectionClosed(self.ws, shard_id=None, code=self._close_code)
discord.errors.ConnectionClosed: Shard ID None WebSocket closed with 4006
2026-01-05 22:56:33 | INFO     | The voice handshake is being terminated for Channel ID 1455544730564694135 (Guild ID 1455544725846102164)
2026-01-05 22:56:33 | INFO     | Connecting to voice...
2026-01-05 22:56:33 | INFO     | Starting voice handshake... (connection attempt 1)
2026-01-05 22:56:34 | INFO     | Voice handshake complete. Endpoint found: c-bom12-7c27b0a0.discord.media:2053
2026-01-05 22:56:34 | INFO     | Voice connection complete.
2026-01-05 22:56:35 | ERROR    | Disconnected from voice... Reconnecting in 0.85s.
Traceback (most recent call last):
  File "/Library/Frameworks/Python.framework/Versions/3.14/lib/python3.14/site-packages/discord/voice_state.py", line 601, in _poll_voice_ws
    await self.ws.poll_event()
  File "/Library/Frameworks/Python.framework/Versions/3.14/lib/python3.14/site-packages/discord/gateway.py", line 1053, in poll_event
    raise ConnectionClosed(self.ws, shard_id=None, code=self._close_code)
discord.errors.ConnectionClosed: Shard ID None WebSocket closed with 4006
2026-01-05 22:56:36 | INFO     | The voice handshake is being terminated for Channel ID 1455544730564694135 (Guild ID 1455544725846102164)
2026-01-05 22:56:36 | INFO     | Connecting to voice...
2026-01-05 22:56:36 | INFO     | Starting voice handshake... (connection attempt 1)
2026-01-05 22:56:36 | INFO     | Voice handshake complete. Endpoint found: c-bom12-7c27b0a0.discord.media:2053
2026-01-05 22:56:36 | ERROR    | Not connected to voice
2026-01-05 22:56:36 | INFO     | Voice connection complete.
2026-01-05 22:56:40 | ERROR    | Disconnected from voice... Reconnecting in 4.78s.
Traceback (most recent call last):
  File "/Library/Frameworks/Python.framework/Versions/3.14/lib/python3.14/site-packages/discord/voice_state.py", line 601, in _poll_voice_ws
    await self.ws.poll_event()
  File "/Library/Frameworks/Python.framework/Versions/3.14/lib/python3.14/site-packages/discord/gateway.py", line 1053, in poll_event
    raise ConnectionClosed(self.ws, shard_id=None, code=self._close_code)
discord.errors.ConnectionClosed: Shard ID None WebSocket closed with 4006
2026-01-05 22:56:45 | INFO     | The voice handshake is being terminated for Channel ID 1455544730564694135 (Guild ID 1455544725846102164)
2026-01-05 22:56:45 | INFO     | Connecting to voice...
2026-01-05 22:56:45 | INFO     | Starting voice handshake... (connection attempt 1)
2026-01-05 22:56:45 | INFO     | Voice handshake complete. Endpoint found: c-bom12-7c27b0a0.discord.media:2053
2026-01-05 22:56:46 | INFO     | Voice connection complete.
2026-01-05 22:56:49 | ERROR    | Disconnected from voice... Reconnecting in 15.75s.
Traceback (most recent call last):
  File "/Library/Frameworks/Python.framework/Versions/3.14/lib/python3.14/site-packages/discord/voice_state.py", line 601, in _poll_voice_ws
    await self.ws.poll_event()
  File "/Library/Frameworks/Python.framework/Versions/3.14/lib/python3.14/site-packages/discord/gateway.py", line 1053, in poll_event
    raise ConnectionClosed(self.ws, shard_id=None, code=self._close_code)
discord.errors.ConnectionClosed: Shard ID None WebSocket closed with 4006
2026-01-05 22:57:04 | INFO     | The voice handshake is being terminated for Channel ID 1455544730564694135 (Guild ID 1455544725846102164)
2026-01-05 22:57:04 | INFO     | Connecting to voice...
2026-01-05 22:57:04 | INFO     | Starting voice handshake... (connection attempt 1)
2026-01-05 22:57:05 | INFO     | Voice handshake complete. Endpoint found: c-bom12-7c27b0a0.discord.media:2053
2026-01-05 22:57:05 | INFO     | Voice connection complete.
2026-01-05 22:57:10 | ERROR    | Disconnected from voice... Reconnecting in 19.53s.
Traceback (most recent call last):
  File "/Library/Frameworks/Python.framework/Versions/3.14/lib/python3.14/site-packages/discord/voice_state.py", line 601, in _poll_voice_ws
    await self.ws.poll_event()
  File "/Library/Frameworks/Python.framework/Versions/3.14/lib/python3.14/site-packages/discord/gateway.py", line 1053, in poll_event
    raise ConnectionClosed(self.ws, shard_id=None, code=self._close_code)
discord.errors.ConnectionClosed: Shard ID None WebSocket closed with 4006
2026-01-05 22:57:29 | INFO     | The voice handshake is being terminated for Channel ID 1455544730564694135 (Guild ID 1455544725846102164)
2026-01-05 22:57:29 | INFO     | Connecting to voice...
2026-01-05 22:57:29 | INFO     | Starting voice handshake... (connection attempt 1)
2026-01-05 22:57:30 | INFO     | Voice handshake complete. Endpoint found: c-bom12-7c27b0a0.discord.media:2053
2026-01-05 22:57:30 | INFO     | Voice connection complete.
2026-01-05 22:57:58 | ERROR    | Disconnected from voice... Reconnecting in 57.36s.
Traceback (most recent call last):
  File "/Library/Frameworks/Python.framework/Versions/3.14/lib/python3.14/site-packages/discord/voice_state.py", line 601, in _poll_voice_ws
    await self.ws.poll_event()
  File "/Library/Frameworks/Python.framework/Versions/3.14/lib/python3.14/site-packages/discord/gateway.py", line 1053, in poll_event
    raise ConnectionClosed(self.ws, shard_id=None, code=self._close_code)
discord.errors.ConnectionClosed: Shard ID None WebSocket closed with 4006
2026-01-05 22:58:35 | INFO     | ffmpeg process 21977 has not terminated. Waiting to terminate...
2026-01-05 22:58:35 | INFO     | ffmpeg process 21977 should have terminated with a return code of -9.
2026-01-05 22:58:56 | INFO     | The voice handshake is being terminated for Channel ID 1455544730564694135 (Guild ID 1455544725846102164)
2026-01-05 22:58:56 | INFO     | Connecting to voice...
2026-01-05 22:58:56 | INFO     | Starting voice handshake... (connection attempt 1)
2026-01-05 22:58:56 | WARNING  | We are being rate limited. PUT https://discord.com/api/v10/channels/1457345545189331007/messages/1457787963697135687/reactions/%E2%8F%AD%EF%B8%8F/@me responded with 429. Retrying in 0.30 seconds.
2026-01-05 22:58:56 | INFO     | Voice handshake complete. Endpoint found: c-bom12-7c27b0a0.discord.media:2053
2026-01-05 22:58:56 | INFO     | Voice connection complete.
2026-01-05 22:58:58 | WARNING  | We are being rate limited. PUT https://discord.com/api/v10/channels/1457345545189331007/messages/1457787963697135687/reactions/%E2%8F%B9%EF%B8%8F/@me responded with 429. Retrying in 0.30 seconds.
2026-01-05 22:58:59 | WARNING  | We are being rate limited. PUT https://discord.com/api/v10/channels/1457345545189331007/messages/1457787963697135687/reactions/%F0%9F%94%89/@me responded with 429. Retrying in 0.30 seconds.
2026-01-05 22:59:00 | WARNING  | We are being rate limited. PUT https://discord.com/api/v10/channels/1457345545189331007/messages/1457787963697135687/reactions/%F0%9F%94%89/@me responded with 429. Retrying in 0.30 seconds.
[tls @ 0x93ac029e0] Error in the pull function.
[tls @ 0x93ac029e0] IO error: Connection reset by peer
[https @ 0x93ac54a00] Will reconnect at 1212416 in 0 second(s), error=Connection reset by peer.
2026-01-05 23:00:10 | INFO     | ffmpeg process 21979 has not terminated. Waiting to terminate...
2026-01-05 23:00:10 | INFO     | ffmpeg process 21979 should have terminated with a return code of -9.
2026-01-05 23:00:28 | INFO     | ffmpeg process 21984 has not terminated. Waiting to terminate...
2026-01-05 23:00:28 | INFO     | ffmpeg process 21984 should have terminated with a return code of -9.
2026-01-05 23:00:45 | WARNING  | We are being rate limited. PUT https://discord.com/api/v10/channels/1457345545189331007/messages/1457788424026194120/reactions/%E2%8F%AF%EF%B8%8F/@me responded with 429. Retrying in 0.30 seconds.
2026-01-05 23:00:46 | ERROR    | Disconnected from voice... Reconnecting in 53.46s.
Traceback (most recent call last):
  File "/Library/Frameworks/Python.framework/Versions/3.14/lib/python3.14/site-packages/discord/voice_state.py", line 601, in _poll_voice_ws
    await self.ws.poll_event()
  File "/Library/Frameworks/Python.framework/Versions/3.14/lib/python3.14/site-packages/discord/gateway.py", line 1053, in poll_event
    raise ConnectionClosed(self.ws, shard_id=None, code=self._close_code)
discord.errors.ConnectionClosed: Shard ID None WebSocket closed with 4006
2026-01-05 23:00:47 | INFO     | ffmpeg process 21986 has not terminated. Waiting to terminate...
2026-01-05 23:00:47 | INFO     | ffmpeg process 21986 should have terminated with a return code of -9.
2026-01-05 23:00:47 | ERROR    | Ignoring exception in command stop
Traceback (most recent call last):
  File "/Library/Frameworks/Python.framework/Versions/3.14/lib/python3.14/site-packages/discord/app_commands/commands.py", line 858, in _do_call
    return await self._callback(self.binding, interaction, **params)  # type: ignore
           ^^^^^^^^^^^^^^^^^^^^^^^^^^^^^^^^^^^^^^^^^^^^^^^^^^^^^^^^^
  File "/Users/ishwarbhingaradiya/Desktop/Shlok/cogs/music_simple.py", line 514, in stop
    await ctx.send(embed=embed, delete_after=5)
  File "/Library/Frameworks/Python.framework/Versions/3.14/lib/python3.14/site-packages/discord/ext/commands/context.py", line 1140, in send
    response = await self.interaction.response.send_message(**kwargs)
               ^^^^^^^^^^^^^^^^^^^^^^^^^^^^^^^^^^^^^^^^^^^^^^^^^^^^^^
  File "/Library/Frameworks/Python.framework/Versions/3.14/lib/python3.14/site-packages/discord/interactions.py", line 1051, in send_message
    response = await adapter.create_interaction_response(
               ^^^^^^^^^^^^^^^^^^^^^^^^^^^^^^^^^^^^^^^^^^
    ...<6 lines>...
    )
    ^
  File "/Library/Frameworks/Python.framework/Versions/3.14/lib/python3.14/site-packages/discord/webhook/async_.py", line 224, in request
    raise NotFound(response, data)
discord.errors.NotFound: 404 Not Found (error code: 10062): Unknown interaction

The above exception was the direct cause of the following exception:

Traceback (most recent call last):
  File "/Library/Frameworks/Python.framework/Versions/3.14/lib/python3.14/site-packages/discord/ext/commands/hybrid.py", line 463, in _invoke_with_namespace
    value = await self._do_call(ctx, ctx.kwargs)  # type: ignore
            ^^^^^^^^^^^^^^^^^^^^^^^^^^^^^^^^^^^^
  File "/Library/Frameworks/Python.framework/Versions/3.14/lib/python3.14/site-packages/discord/app_commands/commands.py", line 877, in _do_call
    raise CommandInvokeError(self, e) from e
discord.app_commands.errors.CommandInvokeError: Command 'stop' raised an exception: NotFound: 404 Not Found (error code: 10062): Unknown interaction

The above exception was the direct cause of the following exception:

Traceback (most recent call last):
  File "/Library/Frameworks/Python.framework/Versions/3.14/lib/python3.14/site-packages/discord/ext/commands/hybrid.py", line 463, in _invoke_with_namespace
    value = await self._do_call(ctx, ctx.kwargs)  # type: ignore
            ^^^^^^^^^^^^^^^^^^^^^^^^^^^^^^^^^^^^
  File "/Library/Frameworks/Python.framework/Versions/3.14/lib/python3.14/site-packages/discord/app_commands/commands.py", line 877, in _do_call
    raise CommandInvokeError(self, e) from e
discord.ext.commands.errors.HybridCommandError: Hybrid command raised an error: Command 'stop' raised an exception: NotFound: 404 Not Found (error code: 10062): Unknown interaction
2026-01-05 23:00:50 | WARNING  | We are being rate limited. PUT https://discord.com/api/v10/channels/1457345545189331007/messages/1457788424026194120/reactions/%F0%9F%94%8A/@me responded with 429. Retrying in 0.30 seconds.
2026-01-05 23:01:28 | ERROR    | Ignoring exception in command stop
Traceback (most recent call last):
  File "/Library/Frameworks/Python.framework/Versions/3.14/lib/python3.14/site-packages/discord/app_commands/commands.py", line 858, in _do_call
    return await self._callback(self.binding, interaction, **params)  # type: ignore
           ^^^^^^^^^^^^^^^^^^^^^^^^^^^^^^^^^^^^^^^^^^^^^^^^^^^^^^^^^
  File "/Users/ishwarbhingaradiya/Desktop/Shlok/cogs/music_simple.py", line 514, in stop
    await ctx.send(embed=embed, delete_after=5)
  File "/Library/Frameworks/Python.framework/Versions/3.14/lib/python3.14/site-packages/discord/ext/commands/context.py", line 1140, in send
    response = await self.interaction.response.send_message(**kwargs)
               ^^^^^^^^^^^^^^^^^^^^^^^^^^^^^^^^^^^^^^^^^^^^^^^^^^^^^^
  File "/Library/Frameworks/Python.framework/Versions/3.14/lib/python3.14/site-packages/discord/interactions.py", line 1051, in send_message
    response = await adapter.create_interaction_response(
               ^^^^^^^^^^^^^^^^^^^^^^^^^^^^^^^^^^^^^^^^^^
    ...<6 lines>...
    )
    ^
  File "/Library/Frameworks/Python.framework/Versions/3.14/lib/python3.14/site-packages/discord/webhook/async_.py", line 224, in request
    raise NotFound(response, data)
discord.errors.NotFound: 404 Not Found (error code: 10062): Unknown interaction

The above exception was the direct cause of the following exception:

Traceback (most recent call last):
  File "/Library/Frameworks/Python.framework/Versions/3.14/lib/python3.14/site-packages/discord/ext/commands/hybrid.py", line 463, in _invoke_with_namespace
    value = await self._do_call(ctx, ctx.kwargs)  # type: ignore
            ^^^^^^^^^^^^^^^^^^^^^^^^^^^^^^^^^^^^
  File "/Library/Frameworks/Python.framework/Versions/3.14/lib/python3.14/site-packages/discord/app_commands/commands.py", line 877, in _do_call
    raise CommandInvokeError(self, e) from e
discord.app_commands.errors.CommandInvokeError: Command 'stop' raised an exception: NotFound: 404 Not Found (error code: 10062): Unknown interaction

The above exception was the direct cause of the following exception:

Traceback (most recent call last):
  File "/Library/Frameworks/Python.framework/Versions/3.14/lib/python3.14/site-packages/discord/ext/commands/hybrid.py", line 463, in _invoke_with_namespace
    value = await self._do_call(ctx, ctx.kwargs)  # type: ignore
            ^^^^^^^^^^^^^^^^^^^^^^^^^^^^^^^^^^^^
  File "/Library/Frameworks/Python.framework/Versions/3.14/lib/python3.14/site-packages/discord/app_commands/commands.py", line 877, in _do_call
    raise CommandInvokeError(self, e) from e
discord.ext.commands.errors.HybridCommandError: Hybrid command raised an error: Command 'stop' raised an exception: NotFound: 404 Not Found (error code: 10062): Unknown interaction
2026-01-05 23:01:39 | INFO     | The voice handshake is being terminated for Channel ID 1455544730564694135 (Guild ID 1455544725846102164)
2026-01-05 23:01:39 | INFO     | Connecting to voice...
2026-01-05 23:01:39 | INFO     | Starting voice handshake... (connection attempt 1)
2026-01-05 23:01:40 | INFO     | Voice handshake complete. Endpoint found: c-bom12-7c27b0a0.discord.media:2053
2026-01-05 23:01:40 | INFO     | Voice connection complete.
2026-01-05 23:03:30 | ERROR    | Disconnected from voice... Reconnecting in 196.87s.
Traceback (most recent call last):
  File "/Library/Frameworks/Python.framework/Versions/3.14/lib/python3.14/site-packages/discord/voice_state.py", line 601, in _poll_voice_ws
    await self.ws.poll_event()
  File "/Library/Frameworks/Python.framework/Versions/3.14/lib/python3.14/site-packages/discord/gateway.py", line 1053, in poll_event
    raise ConnectionClosed(self.ws, shard_id=None, code=self._close_code)
discord.errors.ConnectionClosed: Shard ID None WebSocket closed with 4006
[tls @ 0x759064000] Error in the pull function.
[tls @ 0x759064000] IO error: Connection reset by peer
[https @ 0x758c48000] Will reconnect at 2523120 in 0 second(s), error=Connection reset by peer.
[tls @ 0x7590645a0] Error in the pull function.
[tls @ 0x7590645a0] IO error: Connection reset by peer
[https @ 0x758c48000] Will reconnect at 3538928 in 0 second(s), error=Connection reset by peer.
[opus @ 0x75899c700] Error parsing Opus packet header.
2026-01-05 23:05:21 | INFO     | ffmpeg process 21987 successfully terminated with return code of 0.
2026-01-05 23:05:48 | INFO     | ffmpeg process 22006 has not terminated. Waiting to terminate...
2026-01-05 23:05:48 | INFO     | ffmpeg process 22006 should have terminated with a return code of -9.
2026-01-05 23:06:21 | ERROR    | Ignoring exception in command None
discord.ext.commands.errors.CommandNotFound: Command "ski[" is not found
2026-01-05 23:06:25 | INFO     | ffmpeg process 22007 has not terminated. Waiting to terminate...
2026-01-05 23:06:25 | INFO     | ffmpeg process 22007 should have terminated with a return code of -9.
2026-01-05 23:06:27 | WARNING  | We are being rate limited. PUT https://discord.com/api/v10/channels/1457345545189331007/messages/1457789856519295016/reactions/%E2%8F%AD%EF%B8%8F/@me responded with 429. Retrying in 0.30 seconds.
2026-01-05 23:06:29 | WARNING  | We are being rate limited. PUT https://discord.com/api/v10/channels/1457345545189331007/messages/1457789856519295016/reactions/%E2%8F%B9%EF%B8%8F/@me responded with 429. Retrying in 0.30 seconds.
2026-01-05 23:06:31 | WARNING  | We are being rate limited. PUT https://discord.com/api/v10/channels/1457345545189331007/messages/1457789856519295016/reactions/%F0%9F%94%89/@me responded with 429. Retrying in 0.30 seconds.
2026-01-05 23:06:32 | WARNING  | We are being rate limited. PUT https://discord.com/api/v10/channels/1457345545189331007/messages/1457789856519295016/reactions/%F0%9F%94%8A/@me responded with 429. Retrying in 0.30 seconds.
2026-01-05 23:06:47 | INFO     | The voice handshake is being terminated for Channel ID 1455544730564694135 (Guild ID 1455544725846102164)
2026-01-05 23:06:47 | INFO     | Connecting to voice...
2026-01-05 23:06:47 | INFO     | Starting voice handshake... (connection attempt 1)
2026-01-05 23:06:48 | INFO     | Voice handshake complete. Endpoint found: c-bom12-7c27b0a0.discord.media:2053
2026-01-05 23:06:48 | INFO     | Voice connection complete.
2026-01-05 23:07:13 | ERROR    | Disconnected from voice... Reconnecting in 219.77s.
Traceback (most recent call last):
  File "/Library/Frameworks/Python.framework/Versions/3.14/lib/python3.14/site-packages/discord/voice_state.py", line 601, in _poll_voice_ws
    await self.ws.poll_event()
  File "/Library/Frameworks/Python.framework/Versions/3.14/lib/python3.14/site-packages/discord/gateway.py", line 1053, in poll_event
    raise ConnectionClosed(self.ws, shard_id=None, code=self._close_code)
discord.errors.ConnectionClosed: Shard ID None WebSocket closed with 4006
[tls @ 0x806c029e0] Error in the pull function.
[tls @ 0x806c029e0] IO error: Connection reset by peer
[https @ 0x806c2ca00] Will reconnect at 1556480 in 0 second(s), error=Connection reset by peer.
[tls @ 0x806c02f80] Error in the pull function.
[tls @ 0x806c02f80] IO error: Connection reset by peer
[https @ 0x806c2ca00] Will reconnect at 2490352 in 0 second(s), error=Connection reset by peer.
[opus @ 0x807380700] Error parsing Opus packet header.
2026-01-05 23:09:16 | INFO     | ffmpeg process 22009 successfully terminated with return code of 0.
2026-01-05 23:09:42 | INFO     | ffmpeg process 22023 has not terminated. Waiting to terminate...
2026-01-05 23:09:42 | INFO     | ffmpeg process 22023 should have terminated with a return code of -9.
2026-01-05 23:10:53 | INFO     | The voice handshake is being terminated for Channel ID 1455544730564694135 (Guild ID 1455544725846102164)
2026-01-05 23:10:53 | INFO     | Connecting to voice...
2026-01-05 23:10:53 | INFO     | Starting voice handshake... (connection attempt 1)
2026-01-05 23:10:54 | INFO     | Voice handshake complete. Endpoint found: c-bom12-7c27b0a0.discord.media:2053
2026-01-05 23:10:54 | INFO     | Voice connection complete.
[tls @ 0x9a2c58000] Error in the pull function.
[tls @ 0x9a2c58000] IO error: Connection reset by peer
[https @ 0x9a302c000] Will reconnect at 3588080 in 0 second(s), error=Connection reset by peer.
[opus @ 0x9a2b94700] Error parsing Opus packet header.
2026-01-05 23:14:01 | INFO     | ffmpeg process 22024 successfully terminated with return code of 0.
2026-01-05 23:14:12 | WARNING  | We are being rate limited. PUT https://discord.com/api/v10/channels/1457345545189331007/messages/1457791796355661975/reactions/%F0%9F%94%89/@me responded with 429. Retrying in 0.30 seconds.
2026-01-05 23:14:36 | INFO     | ffmpeg process 23615 has not terminated. Waiting to terminate...
2026-01-05 23:14:36 | INFO     | ffmpeg process 23615 should have terminated with a return code of -9.
2026-01-05 23:16:25 | INFO     | ffmpeg process 23629 has not terminated. Waiting to terminate...
2026-01-05 23:16:25 | INFO     | ffmpeg process 23629 should have terminated with a return code of -9.
2026-01-05 23:19:45 | ERROR    | Disconnected from voice... Reconnecting in 326.63s.
Traceback (most recent call last):
  File "/Library/Frameworks/Python.framework/Versions/3.14/lib/python3.14/site-packages/discord/voice_state.py", line 601, in _poll_voice_ws
    await self.ws.poll_event()
  File "/Library/Frameworks/Python.framework/Versions/3.14/lib/python3.14/site-packages/discord/gateway.py", line 1053, in poll_event
    raise ConnectionClosed(self.ws, shard_id=None, code=self._close_code)
discord.errors.ConnectionClosed: Shard ID None WebSocket closed with 4006
2026-01-05 23:20:13 | INFO     | ffmpeg process 23642 has not terminated. Waiting to terminate...
2026-01-05 23:20:13 | INFO     | ffmpeg process 23642 should have terminated with a return code of -9.
2026-01-05 23:20:29 | INFO     | ffmpeg process 23677 has not terminated. Waiting to terminate...
2026-01-05 23:20:29 | INFO     | ffmpeg process 23677 should have terminated with a return code of -9.
^^^^^^^^^^^^^^^^^^^^^^^^^^^^
  File "/Users/ishwarbhingaradiya/Desktop/Shlok/cogs/music_simple.py", line 514, in stop
  File "/Library/Frameworks/Python.framework/Versions/3.14/lib/python3.14/site-packages/discord/ext/commands/context.py", line 1140, in send
    response = await self.interaction.response.send_message(**kwargs)
               ^^^^^^^^^^^^^^^^^^^^^^^^^^^^^^^^^^^^^^^^^^^^^^^^^^^^^^
  File "/Library/Frameworks/Python.framework/Versions/3.14/lib/python3.14/site-packages/discord/interactions.py", line 1051, in send_message
    response = await adapter.create_interaction_response(
               ^^^^^^^^^^^^^^^^^^^^^^^^^^^^^^^^^^^^^^^^^^
    ...<6 lines>...
    )
    ^
  File "/Library/Frameworks/Python.framework/Versions/3.14/lib/python3.14/site-packages/discord/webhook/async_.py", line 224, in request
    raise NotFound(response, data)
discord.errors.NotFound: 404 Not Found (error code: 10062): Unknown interaction

The above exception was the direct cause of the following exception:

Traceback (most recent call last):
  File "/Library/Frameworks/Python.framework/Versions/3.14/lib/python3.14/site-packages/discord/ext/commands/hybrid.py", line 463, in _invoke_with_namespace
    value = await self._do_call(ctx, ctx.kwargs)  # type: ignore
            ^^^^^^^^^^^^^^^^^^^^^^^^^^^^^^^^^^^^
  File "/Library/Frameworks/Python.framework/Versions/3.14/lib/python3.14/site-packages/discord/app_commands/commands.py", line 877, in _do_call
    raise CommandInvokeError(self, e) from e
discord.app_commands.errors.CommandInvokeError: Command 'stop' raised an exception: NotFound: 404 Not Found (error code: 10062): Unknown interaction

The above exception was the direct cause of the following exception:

Traceback (most recent call last):
  File "/Library/Frameworks/Python.framework/Versions/3.14/lib/python3.14/site-packages/discord/ext/commands/hybrid.py", line 463, in _invoke_with_namespace
    value = await self._do_call(ctx, ctx.kwargs)  # type: ignore
            ^^^^^^^^^^^^^^^^^^^^^^^^^^^^^^^^^^^^
  File "/Library/Frameworks/Python.framework/Versions/3.14/lib/python3.14/site-packages/discord/app_commands/commands.py", line 877, in _do_call
    raise CommandInvokeError(self, e) from e
discord.ext.commands.errors.HybridCommandError: Hybrid command raised an error: Command 'stop' raised an exception: NotFound: 404 Not Found (error code: 10062): Unknown interaction
2026-01-05 23:14:54 | ERROR    | Ignoring exception in command play
Traceback (most recent call last):
  File "/Library/Frameworks/Python.framework/Versions/3.14/lib/python3.14/site-packages/discord/app_commands/commands.py", line 858, in _do_call
    return await self._callback(self.binding, interaction, **params)  # type: ignore
           ^^^^^^^^^^^^^^^^^^^^^^^^^^^^^^^^^^^^^^^^^^^^^^^^^^^^^^^^^
  File "/Users/ishwarbhingaradiya/Desktop/Shlok/cogs/music_simple.py", line 441, in play
  File "/Library/Frameworks/Python.framework/Versions/3.14/lib/python3.14/site-packages/discord/ext/commands/context.py", line 1140, in send
    response = await self.interaction.response.send_message(**kwargs)
               ^^^^^^^^^^^^^^^^^^^^^^^^^^^^^^^^^^^^^^^^^^^^^^^^^^^^^^
  File "/Library/Frameworks/Python.framework/Versions/3.14/lib/python3.14/site-packages/discord/interactions.py", line 1051, in send_message
    response = await adapter.create_interaction_response(
               ^^^^^^^^^^^^^^^^^^^^^^^^^^^^^^^^^^^^^^^^^^
    ...<6 lines>...
    )
    ^
  File "/Library/Frameworks/Python.framework/Versions/3.14/lib/python3.14/site-packages/discord/webhook/async_.py", line 224, in request
    raise NotFound(response, data)
discord.errors.NotFound: 404 Not Found (error code: 10062): Unknown interaction

The above exception was the direct cause of the following exception:

Traceback (most recent call last):
  File "/Library/Frameworks/Python.framework/Versions/3.14/lib/python3.14/site-packages/discord/ext/commands/hybrid.py", line 463, in _invoke_with_namespace
    value = await self._do_call(ctx, ctx.kwargs)  # type: ignore
            ^^^^^^^^^^^^^^^^^^^^^^^^^^^^^^^^^^^^
  File "/Library/Frameworks/Python.framework/Versions/3.14/lib/python3.14/site-packages/discord/app_commands/commands.py", line 877, in _do_call
    raise CommandInvokeError(self, e) from e
discord.app_commands.errors.CommandInvokeError: Command 'play' raised an exception: NotFound: 404 Not Found (error code: 10062): Unknown interaction

The above exception was the direct cause of the following exception:

Traceback (most recent call last):
  File "/Library/Frameworks/Python.framework/Versions/3.14/lib/python3.14/site-packages/discord/ext/commands/hybrid.py", line 463, in _invoke_with_namespace
    value = await self._do_call(ctx, ctx.kwargs)  # type: ignore
            ^^^^^^^^^^^^^^^^^^^^^^^^^^^^^^^^^^^^
  File "/Library/Frameworks/Python.framework/Versions/3.14/lib/python3.14/site-packages/discord/app_commands/commands.py", line 877, in _do_call
    raise CommandInvokeError(self, e) from e
discord.ext.commands.errors.HybridCommandError: Hybrid command raised an error: Command 'play' raised an exception: NotFound: 404 Not Found (error code: 10062): Unknown interaction
[tls @ 0xae7068000] Error in the pull function.
[tls @ 0xae7068000] IO error: Connection reset by peer
[https @ 0xae6c44000] Will reconnect at 3850224 in 0 second(s), error=Connection reset by peer.
2026-01-05 23:19:45 | INFO     | The voice handshake is being terminated for Channel ID 1455544730564694135 (Guild ID 1455544725846102164)
2026-01-05 23:19:45 | INFO     | Connecting to voice...
2026-01-05 23:19:45 | INFO     | Starting voice handshake... (connection attempt 1)
2026-01-05 23:19:46 | INFO     | Voice handshake complete. Endpoint found: c-bom12-7c27b0a0.discord.media:2053
2026-01-05 23:19:46 | INFO     | Voice connection complete.
[tls @ 0xae70685a0] Error in the pull function.
[tls @ 0xae70685a0] IO error: Connection reset by peer
[https @ 0xae6c44000] Will reconnect at 4915168 in 0 second(s), error=Connection reset by peer.
2026-01-05 23:20:13 | INFO     | ffmpeg process 23638 has not terminated. Waiting to terminate...
2026-01-05 23:20:13 | INFO     | ffmpeg process 23638 should have terminated with a return code of -9.
2026-01-05 23:20:29 | INFO     | ffmpeg process 23678 has not terminated. Waiting to terminate...
2026-01-05 23:20:29 | INFO     | ffmpeg process 23678 should have terminated with a return code of -9.
2026-01-05 23:20:29 | WARNING  | We are being rate limited. POST https://discord.com/api/v10/channels/1457345545189331007/messages responded with 429. Retrying in 0.30 seconds.
2026-01-05 23:20:30 | WARNING  | We are being rate limited. PUT https://discord.com/api/v10/channels/1457345545189331007/messages/1457793392707768424/reactions/%E2%8F%AD%EF%B8%8F/@me responded with 429. Retrying in 0.30 seconds.
2026-01-05 23:22:18 | ERROR    | Ignoring exception in command None
discord.ext.commands.errors.CommandNotFound: Command "sping" is not found
2026-01-05 23:26:57 | INFO     | ffmpeg process 25575 has not terminated. Waiting to terminate...
2026-01-05 23:26:57 | INFO     | ffmpeg process 25575 should have terminated with a return code of -9.
2026-01-05 23:29:36 | INFO     | ffmpeg process 25940 has not terminated. Waiting to terminate...
2026-01-05 23:29:36 | INFO     | ffmpeg process 25940 should have terminated with a return code of -9.
[tls @ 0x838c60000] Error in the pull function.
[tls @ 0x838c60000] IO error: Connection reset by peer
[https @ 0x83902c000] Will reconnect at 2539504 in 0 second(s), error=Connection reset by peer.
2026-01-05 23:33:06 | INFO     | ffmpeg process 29701 has not terminated. Waiting to terminate...
2026-01-05 23:33:06 | INFO     | ffmpeg process 29701 should have terminated with a return code of -9.
2026-01-05 23:36:00 | INFO     | ffmpeg process 36554 has not terminated. Waiting to terminate...
2026-01-05 23:36:00 | INFO     | ffmpeg process 36554 should have terminated with a return code of -9.
2026-01-05 23:40:57 | INFO     | ffmpeg process 39191 has not terminated. Waiting to terminate...
2026-01-05 23:40:57 | INFO     | ffmpeg process 39191 should have terminated with a return code of -9.
2026-01-05 23:41:47 | ERROR    | Task exception was never retrieved
future: <Task finished name='Task-900' coro=<PartialMessage.delete.<locals>.delete() done, defined at /Library/Frameworks/Python.framework/Versions/3.14/lib/python3.14/site-packages/discord/message.py:1299> exception=ClientConnectorDNSError(ConnectionKey(host='discord.com', port=443, is_ssl=True, ssl=True, proxy=None, proxy_auth=None, proxy_headers_hash=None), gaierror(8, 'nodename nor servname provided, or not known'))>
Traceback (most recent call last):
  File "/Library/Frameworks/Python.framework/Versions/3.14/lib/python3.14/site-packages/aiohttp/connector.py", line 1562, in _create_direct_connection
    hosts = await self._resolve_host(host, port, traces=traces)
            ^^^^^^^^^^^^^^^^^^^^^^^^^^^^^^^^^^^^^^^^^^^^^^^^^^^
  File "/Library/Frameworks/Python.framework/Versions/3.14/lib/python3.14/site-packages/aiohttp/connector.py", line 1178, in _resolve_host
    return await asyncio.shield(resolved_host_task)
           ^^^^^^^^^^^^^^^^^^^^^^^^^^^^^^^^^^^^^^^^
  File "/Library/Frameworks/Python.framework/Versions/3.14/lib/python3.14/site-packages/aiohttp/connector.py", line 1209, in _resolve_host_with_throttle
    addrs = await self._resolver.resolve(host, port, family=self._family)
            ^^^^^^^^^^^^^^^^^^^^^^^^^^^^^^^^^^^^^^^^^^^^^^^^^^^^^^^^^^^^^
  File "/Library/Frameworks/Python.framework/Versions/3.14/lib/python3.14/site-packages/aiohttp/resolver.py", line 40, in resolve
    infos = await self._loop.getaddrinfo(
            ^^^^^^^^^^^^^^^^^^^^^^^^^^^^^
    ...<5 lines>...
    )
    ^
  File "/Library/Frameworks/Python.framework/Versions/3.14/lib/python3.14/asyncio/base_events.py", line 936, in getaddrinfo
    return await self.run_in_executor(
           ^^^^^^^^^^^^^^^^^^^^^^^^^^^
        None, getaddr_func, host, port, family, type, proto, flags)
        ^^^^^^^^^^^^^^^^^^^^^^^^^^^^^^^^^^^^^^^^^^^^^^^^^^^^^^^^^^^
  File "/Library/Frameworks/Python.framework/Versions/3.14/lib/python3.14/concurrent/futures/thread.py", line 86, in run
    result = ctx.run(self.task)
  File "/Library/Frameworks/Python.framework/Versions/3.14/lib/python3.14/concurrent/futures/thread.py", line 73, in run
    return fn(*args, **kwargs)
  File "/Library/Frameworks/Python.framework/Versions/3.14/lib/python3.14/socket.py", line 983, in getaddrinfo
    for res in _socket.getaddrinfo(host, port, family, type, proto, flags):
               ~~~~~~~~~~~~~~~~~~~^^^^^^^^^^^^^^^^^^^^^^^^^^^^^^^^^^^^^^^^
socket.gaierror: [Errno 8] nodename nor servname provided, or not known

The above exception was the direct cause of the following exception:

Traceback (most recent call last):
  File "/Library/Frameworks/Python.framework/Versions/3.14/lib/python3.14/site-packages/discord/message.py", line 1302, in delete
    await self._state.http.delete_message(self.channel.id, self.id)
  File "/Library/Frameworks/Python.framework/Versions/3.14/lib/python3.14/site-packages/discord/http.py", line 654, in request
    async with self.__session.request(method, url, **kwargs) as response:
               ~~~~~~~~~~~~~~~~~~~~~~^^^^^^^^^^^^^^^^^^^^^^^
  File "/Library/Frameworks/Python.framework/Versions/3.14/lib/python3.14/site-packages/aiohttp/client.py", line 1510, in __aenter__
    self._resp: _RetType = await self._coro
                           ^^^^^^^^^^^^^^^^
  File "/Library/Frameworks/Python.framework/Versions/3.14/lib/python3.14/site-packages/aiohttp/client.py", line 779, in _request
    resp = await handler(req)
           ^^^^^^^^^^^^^^^^^^
  File "/Library/Frameworks/Python.framework/Versions/3.14/lib/python3.14/site-packages/aiohttp/client.py", line 734, in _connect_and_send_request
    conn = await self._connector.connect(
           ^^^^^^^^^^^^^^^^^^^^^^^^^^^^^^
        req, traces=traces, timeout=real_timeout
        ^^^^^^^^^^^^^^^^^^^^^^^^^^^^^^^^^^^^^^^^
    )
    ^
  File "/Library/Frameworks/Python.framework/Versions/3.14/lib/python3.14/site-packages/aiohttp/connector.py", line 672, in connect
    proto = await self._create_connection(req, traces, timeout)
            ^^^^^^^^^^^^^^^^^^^^^^^^^^^^^^^^^^^^^^^^^^^^^^^^^^^
  File "/Library/Frameworks/Python.framework/Versions/3.14/lib/python3.14/site-packages/aiohttp/connector.py", line 1239, in _create_connection
    _, proto = await self._create_direct_connection(req, traces, timeout)
               ^^^^^^^^^^^^^^^^^^^^^^^^^^^^^^^^^^^^^^^^^^^^^^^^^^^^^^^^^^
  File "/Library/Frameworks/Python.framework/Versions/3.14/lib/python3.14/site-packages/aiohttp/connector.py", line 1568, in _create_direct_connection
    raise ClientConnectorDNSError(req.connection_key, exc) from exc
aiohttp.client_exceptions.ClientConnectorDNSError: Cannot connect to host discord.com:443 ssl:default [nodename nor servname provided, or not known]
2026-01-05 23:41:52 | ERROR    | Disconnected from voice... Reconnecting in 615.09s.
Traceback (most recent call last):
  File "/Library/Frameworks/Python.framework/Versions/3.14/lib/python3.14/asyncio/tasks.py", line 488, in wait_for
    return await fut
           ^^^^^^^^^
  File "/Library/Frameworks/Python.framework/Versions/3.14/lib/python3.14/site-packages/aiohttp/client_ws.py", line 336, in receive
    msg = await self._reader.read()
          ^^^^^^^^^^^^^^^^^^^^^^^^^
  File "aiohttp/_websocket/reader_c.py", line 118, in read
  File "aiohttp/_websocket/reader_c.py", line 115, in aiohttp._websocket.reader_c.WebSocketDataQueue.read
asyncio.exceptions.CancelledError

The above exception was the direct cause of the following exception:

Traceback (most recent call last):
  File "/Library/Frameworks/Python.framework/Versions/3.14/lib/python3.14/site-packages/discord/voice_state.py", line 601, in _poll_voice_ws
    await self.ws.poll_event()
  File "/Library/Frameworks/Python.framework/Versions/3.14/lib/python3.14/site-packages/discord/gateway.py", line 1045, in poll_event
    msg = await asyncio.wait_for(self.ws.receive(), timeout=30.0)
          ^^^^^^^^^^^^^^^^^^^^^^^^^^^^^^^^^^^^^^^^^^^^^^^^^^^^^^^
  File "/Library/Frameworks/Python.framework/Versions/3.14/lib/python3.14/asyncio/tasks.py", line 487, in wait_for
    async with timeouts.timeout(timeout):
               ~~~~~~~~~~~~~~~~^^^^^^^^^
  File "/Library/Frameworks/Python.framework/Versions/3.14/lib/python3.14/asyncio/timeouts.py", line 114, in __aexit__
    raise TimeoutError from exc_val
TimeoutError
2026-01-05 23:42:00 | ERROR    | Task exception was never retrieved
future: <Task finished name='Task-912' coro=<PartialMessage.delete.<locals>.delete() done, defined at /Library/Frameworks/Python.framework/Versions/3.14/lib/python3.14/site-packages/discord/message.py:1299> exception=ClientConnectorDNSError(ConnectionKey(host='discord.com', port=443, is_ssl=True, ssl=True, proxy=None, proxy_auth=None, proxy_headers_hash=None), gaierror(8, 'nodename nor servname provided, or not known'))>
Traceback (most recent call last):
  File "/Library/Frameworks/Python.framework/Versions/3.14/lib/python3.14/site-packages/aiohttp/connector.py", line 1562, in _create_direct_connection
    hosts = await self._resolve_host(host, port, traces=traces)
            ^^^^^^^^^^^^^^^^^^^^^^^^^^^^^^^^^^^^^^^^^^^^^^^^^^^
  File "/Library/Frameworks/Python.framework/Versions/3.14/lib/python3.14/site-packages/aiohttp/connector.py", line 1178, in _resolve_host
    return await asyncio.shield(resolved_host_task)
           ^^^^^^^^^^^^^^^^^^^^^^^^^^^^^^^^^^^^^^^^
  File "/Library/Frameworks/Python.framework/Versions/3.14/lib/python3.14/site-packages/aiohttp/connector.py", line 1209, in _resolve_host_with_throttle
    addrs = await self._resolver.resolve(host, port, family=self._family)
            ^^^^^^^^^^^^^^^^^^^^^^^^^^^^^^^^^^^^^^^^^^^^^^^^^^^^^^^^^^^^^
  File "/Library/Frameworks/Python.framework/Versions/3.14/lib/python3.14/site-packages/aiohttp/resolver.py", line 40, in resolve
    infos = await self._loop.getaddrinfo(
            ^^^^^^^^^^^^^^^^^^^^^^^^^^^^^
    ...<5 lines>...
    )
    ^
  File "/Library/Frameworks/Python.framework/Versions/3.14/lib/python3.14/asyncio/base_events.py", line 936, in getaddrinfo
    return await self.run_in_executor(
           ^^^^^^^^^^^^^^^^^^^^^^^^^^^
        None, getaddr_func, host, port, family, type, proto, flags)
        ^^^^^^^^^^^^^^^^^^^^^^^^^^^^^^^^^^^^^^^^^^^^^^^^^^^^^^^^^^^
  File "/Library/Frameworks/Python.framework/Versions/3.14/lib/python3.14/concurrent/futures/thread.py", line 86, in run
    result = ctx.run(self.task)
  File "/Library/Frameworks/Python.framework/Versions/3.14/lib/python3.14/concurrent/futures/thread.py", line 73, in run
    return fn(*args, **kwargs)
  File "/Library/Frameworks/Python.framework/Versions/3.14/lib/python3.14/socket.py", line 983, in getaddrinfo
    for res in _socket.getaddrinfo(host, port, family, type, proto, flags):
               ~~~~~~~~~~~~~~~~~~~^^^^^^^^^^^^^^^^^^^^^^^^^^^^^^^^^^^^^^^^
socket.gaierror: [Errno 8] nodename nor servname provided, or not known

The above exception was the direct cause of the following exception:

Traceback (most recent call last):
  File "/Library/Frameworks/Python.framework/Versions/3.14/lib/python3.14/site-packages/discord/message.py", line 1302, in delete
    await self._state.http.delete_message(self.channel.id, self.id)
  File "/Library/Frameworks/Python.framework/Versions/3.14/lib/python3.14/site-packages/discord/http.py", line 654, in request
    async with self.__session.request(method, url, **kwargs) as response:
               ~~~~~~~~~~~~~~~~~~~~~~^^^^^^^^^^^^^^^^^^^^^^^
  File "/Library/Frameworks/Python.framework/Versions/3.14/lib/python3.14/site-packages/aiohttp/client.py", line 1510, in __aenter__
    self._resp: _RetType = await self._coro
                           ^^^^^^^^^^^^^^^^
  File "/Library/Frameworks/Python.framework/Versions/3.14/lib/python3.14/site-packages/aiohttp/client.py", line 779, in _request
    resp = await handler(req)
           ^^^^^^^^^^^^^^^^^^
  File "/Library/Frameworks/Python.framework/Versions/3.14/lib/python3.14/site-packages/aiohttp/client.py", line 734, in _connect_and_send_request
    conn = await self._connector.connect(
           ^^^^^^^^^^^^^^^^^^^^^^^^^^^^^^
        req, traces=traces, timeout=real_timeout
        ^^^^^^^^^^^^^^^^^^^^^^^^^^^^^^^^^^^^^^^^
    )
    ^
  File "/Library/Frameworks/Python.framework/Versions/3.14/lib/python3.14/site-packages/aiohttp/connector.py", line 672, in connect
    proto = await self._create_connection(req, traces, timeout)
            ^^^^^^^^^^^^^^^^^^^^^^^^^^^^^^^^^^^^^^^^^^^^^^^^^^^
  File "/Library/Frameworks/Python.framework/Versions/3.14/lib/python3.14/site-packages/aiohttp/connector.py", line 1239, in _create_connection
    _, proto = await self._create_direct_connection(req, traces, timeout)
               ^^^^^^^^^^^^^^^^^^^^^^^^^^^^^^^^^^^^^^^^^^^^^^^^^^^^^^^^^^
  File "/Library/Frameworks/Python.framework/Versions/3.14/lib/python3.14/site-packages/aiohttp/connector.py", line 1568, in _create_direct_connection
    raise ClientConnectorDNSError(req.connection_key, exc) from exc
aiohttp.client_exceptions.ClientConnectorDNSError: Cannot connect to host discord.com:443 ssl:default [nodename nor servname provided, or not known]
2026-01-05 23:42:21 | ERROR    | Attempting a reconnect in 0.38s
Traceback (most recent call last):
  File "/Library/Frameworks/Python.framework/Versions/3.14/lib/python3.14/site-packages/aiohttp/connector.py", line 1562, in _create_direct_connection
    hosts = await self._resolve_host(host, port, traces=traces)
            ^^^^^^^^^^^^^^^^^^^^^^^^^^^^^^^^^^^^^^^^^^^^^^^^^^^
  File "/Library/Frameworks/Python.framework/Versions/3.14/lib/python3.14/site-packages/aiohttp/connector.py", line 1178, in _resolve_host
    return await asyncio.shield(resolved_host_task)
           ^^^^^^^^^^^^^^^^^^^^^^^^^^^^^^^^^^^^^^^^
  File "/Library/Frameworks/Python.framework/Versions/3.14/lib/python3.14/site-packages/aiohttp/connector.py", line 1209, in _resolve_host_with_throttle
    addrs = await self._resolver.resolve(host, port, family=self._family)
            ^^^^^^^^^^^^^^^^^^^^^^^^^^^^^^^^^^^^^^^^^^^^^^^^^^^^^^^^^^^^^
  File "/Library/Frameworks/Python.framework/Versions/3.14/lib/python3.14/site-packages/aiohttp/resolver.py", line 40, in resolve
    infos = await self._loop.getaddrinfo(
            ^^^^^^^^^^^^^^^^^^^^^^^^^^^^^
    ...<5 lines>...
    )
    ^
  File "/Library/Frameworks/Python.framework/Versions/3.14/lib/python3.14/asyncio/base_events.py", line 936, in getaddrinfo
    return await self.run_in_executor(
           ^^^^^^^^^^^^^^^^^^^^^^^^^^^
        None, getaddr_func, host, port, family, type, proto, flags)
        ^^^^^^^^^^^^^^^^^^^^^^^^^^^^^^^^^^^^^^^^^^^^^^^^^^^^^^^^^^^
  File "/Library/Frameworks/Python.framework/Versions/3.14/lib/python3.14/concurrent/futures/thread.py", line 86, in run
    result = ctx.run(self.task)
  File "/Library/Frameworks/Python.framework/Versions/3.14/lib/python3.14/concurrent/futures/thread.py", line 73, in run
    return fn(*args, **kwargs)
  File "/Library/Frameworks/Python.framework/Versions/3.14/lib/python3.14/socket.py", line 983, in getaddrinfo
    for res in _socket.getaddrinfo(host, port, family, type, proto, flags):
               ~~~~~~~~~~~~~~~~~~~^^^^^^^^^^^^^^^^^^^^^^^^^^^^^^^^^^^^^^^^
socket.gaierror: [Errno 8] nodename nor servname provided, or not known

The above exception was the direct cause of the following exception:

Traceback (most recent call last):
  File "/Library/Frameworks/Python.framework/Versions/3.14/lib/python3.14/site-packages/discord/client.py", line 724, in connect
    self.ws = await asyncio.wait_for(coro, timeout=60.0)
              ^^^^^^^^^^^^^^^^^^^^^^^^^^^^^^^^^^^^^^^^^^
  File "/Library/Frameworks/Python.framework/Versions/3.14/lib/python3.14/asyncio/tasks.py", line 488, in wait_for
    return await fut
           ^^^^^^^^^
  File "/Library/Frameworks/Python.framework/Versions/3.14/lib/python3.14/site-packages/discord/gateway.py", line 383, in from_client
    socket = await client.http.ws_connect(str(url))
             ^^^^^^^^^^^^^^^^^^^^^^^^^^^^^^^^^^^^^^
  File "/Library/Frameworks/Python.framework/Versions/3.14/lib/python3.14/site-packages/discord/http.py", line 566, in ws_connect
    return await self.__session.ws_connect(url, **kwargs)
           ^^^^^^^^^^^^^^^^^^^^^^^^^^^^^^^^^^^^^^^^^^^^^^
  File "/Library/Frameworks/Python.framework/Versions/3.14/lib/python3.14/site-packages/aiohttp/client.py", line 1076, in _ws_connect
    resp = await self.request(
           ^^^^^^^^^^^^^^^^^^^
    ...<11 lines>...
    )
    ^
  File "/Library/Frameworks/Python.framework/Versions/3.14/lib/python3.14/site-packages/aiohttp/client.py", line 779, in _request
    resp = await handler(req)
           ^^^^^^^^^^^^^^^^^^
  File "/Library/Frameworks/Python.framework/Versions/3.14/lib/python3.14/site-packages/aiohttp/client.py", line 734, in _connect_and_send_request
    conn = await self._connector.connect(
           ^^^^^^^^^^^^^^^^^^^^^^^^^^^^^^
        req, traces=traces, timeout=real_timeout
        ^^^^^^^^^^^^^^^^^^^^^^^^^^^^^^^^^^^^^^^^
    )
    ^
  File "/Library/Frameworks/Python.framework/Versions/3.14/lib/python3.14/site-packages/aiohttp/connector.py", line 672, in connect
    proto = await self._create_connection(req, traces, timeout)
            ^^^^^^^^^^^^^^^^^^^^^^^^^^^^^^^^^^^^^^^^^^^^^^^^^^^
  File "/Library/Frameworks/Python.framework/Versions/3.14/lib/python3.14/site-packages/aiohttp/connector.py", line 1239, in _create_connection
    _, proto = await self._create_direct_connection(req, traces, timeout)
               ^^^^^^^^^^^^^^^^^^^^^^^^^^^^^^^^^^^^^^^^^^^^^^^^^^^^^^^^^^
  File "/Library/Frameworks/Python.framework/Versions/3.14/lib/python3.14/site-packages/aiohttp/connector.py", line 1568, in _create_direct_connection
    raise ClientConnectorDNSError(req.connection_key, exc) from exc
aiohttp.client_exceptions.ClientConnectorDNSError: Cannot connect to host gateway-us-east1-d.discord.gg:443 ssl:default [nodename nor servname provided, or not known]
2026-01-05 23:42:21 | ERROR    | Attempting a reconnect in 0.27s
Traceback (most recent call last):
  File "/Library/Frameworks/Python.framework/Versions/3.14/lib/python3.14/site-packages/aiohttp/connector.py", line 1562, in _create_direct_connection
    hosts = await self._resolve_host(host, port, traces=traces)
            ^^^^^^^^^^^^^^^^^^^^^^^^^^^^^^^^^^^^^^^^^^^^^^^^^^^
  File "/Library/Frameworks/Python.framework/Versions/3.14/lib/python3.14/site-packages/aiohttp/connector.py", line 1178, in _resolve_host
    return await asyncio.shield(resolved_host_task)
           ^^^^^^^^^^^^^^^^^^^^^^^^^^^^^^^^^^^^^^^^
  File "/Library/Frameworks/Python.framework/Versions/3.14/lib/python3.14/site-packages/aiohttp/connector.py", line 1209, in _resolve_host_with_throttle
    addrs = await self._resolver.resolve(host, port, family=self._family)
            ^^^^^^^^^^^^^^^^^^^^^^^^^^^^^^^^^^^^^^^^^^^^^^^^^^^^^^^^^^^^^
  File "/Library/Frameworks/Python.framework/Versions/3.14/lib/python3.14/site-packages/aiohttp/resolver.py", line 40, in resolve
    infos = await self._loop.getaddrinfo(
            ^^^^^^^^^^^^^^^^^^^^^^^^^^^^^
    ...<5 lines>...
    )
    ^
  File "/Library/Frameworks/Python.framework/Versions/3.14/lib/python3.14/asyncio/base_events.py", line 936, in getaddrinfo
    return await self.run_in_executor(
           ^^^^^^^^^^^^^^^^^^^^^^^^^^^
        None, getaddr_func, host, port, family, type, proto, flags)
        ^^^^^^^^^^^^^^^^^^^^^^^^^^^^^^^^^^^^^^^^^^^^^^^^^^^^^^^^^^^
  File "/Library/Frameworks/Python.framework/Versions/3.14/lib/python3.14/concurrent/futures/thread.py", line 86, in run
    result = ctx.run(self.task)
  File "/Library/Frameworks/Python.framework/Versions/3.14/lib/python3.14/concurrent/futures/thread.py", line 73, in run
    return fn(*args, **kwargs)
  File "/Library/Frameworks/Python.framework/Versions/3.14/lib/python3.14/socket.py", line 983, in getaddrinfo
    for res in _socket.getaddrinfo(host, port, family, type, proto, flags):
               ~~~~~~~~~~~~~~~~~~~^^^^^^^^^^^^^^^^^^^^^^^^^^^^^^^^^^^^^^^^
socket.gaierror: [Errno 8] nodename nor servname provided, or not known

The above exception was the direct cause of the following exception:

Traceback (most recent call last):
  File "/Library/Frameworks/Python.framework/Versions/3.14/lib/python3.14/site-packages/discord/client.py", line 724, in connect
    self.ws = await asyncio.wait_for(coro, timeout=60.0)
              ^^^^^^^^^^^^^^^^^^^^^^^^^^^^^^^^^^^^^^^^^^
  File "/Library/Frameworks/Python.framework/Versions/3.14/lib/python3.14/asyncio/tasks.py", line 488, in wait_for
    return await fut
           ^^^^^^^^^
  File "/Library/Frameworks/Python.framework/Versions/3.14/lib/python3.14/site-packages/discord/gateway.py", line 383, in from_client
    socket = await client.http.ws_connect(str(url))
             ^^^^^^^^^^^^^^^^^^^^^^^^^^^^^^^^^^^^^^
  File "/Library/Frameworks/Python.framework/Versions/3.14/lib/python3.14/site-packages/discord/http.py", line 566, in ws_connect
    return await self.__session.ws_connect(url, **kwargs)
           ^^^^^^^^^^^^^^^^^^^^^^^^^^^^^^^^^^^^^^^^^^^^^^
  File "/Library/Frameworks/Python.framework/Versions/3.14/lib/python3.14/site-packages/aiohttp/client.py", line 1076, in _ws_connect
    resp = await self.request(
           ^^^^^^^^^^^^^^^^^^^
    ...<11 lines>...
    )
    ^
  File "/Library/Frameworks/Python.framework/Versions/3.14/lib/python3.14/site-packages/aiohttp/client.py", line 779, in _request
    resp = await handler(req)
           ^^^^^^^^^^^^^^^^^^
  File "/Library/Frameworks/Python.framework/Versions/3.14/lib/python3.14/site-packages/aiohttp/client.py", line 734, in _connect_and_send_request
    conn = await self._connector.connect(
           ^^^^^^^^^^^^^^^^^^^^^^^^^^^^^^
        req, traces=traces, timeout=real_timeout
        ^^^^^^^^^^^^^^^^^^^^^^^^^^^^^^^^^^^^^^^^
    )
    ^
  File "/Library/Frameworks/Python.framework/Versions/3.14/lib/python3.14/site-packages/aiohttp/connector.py", line 672, in connect
    proto = await self._create_connection(req, traces, timeout)
            ^^^^^^^^^^^^^^^^^^^^^^^^^^^^^^^^^^^^^^^^^^^^^^^^^^^
  File "/Library/Frameworks/Python.framework/Versions/3.14/lib/python3.14/site-packages/aiohttp/connector.py", line 1239, in _create_connection
    _, proto = await self._create_direct_connection(req, traces, timeout)
               ^^^^^^^^^^^^^^^^^^^^^^^^^^^^^^^^^^^^^^^^^^^^^^^^^^^^^^^^^^
  File "/Library/Frameworks/Python.framework/Versions/3.14/lib/python3.14/site-packages/aiohttp/connector.py", line 1568, in _create_direct_connection
    raise ClientConnectorDNSError(req.connection_key, exc) from exc
aiohttp.client_exceptions.ClientConnectorDNSError: Cannot connect to host gateway-us-east1-d.discord.gg:443 ssl:default [nodename nor servname provided, or not known]
2026-01-05 23:48:11 | INFO     | üöÄ Starting Shlok Music Bot...
2026-01-05 23:48:11 | INFO     | üöÄ Starting bot (attempt 1/10)...
2026-01-05 23:48:12 | INFO     | logging in using static token
2026-01-05 23:48:13 | INFO     | üîß Setting up Shlok Music Bot...
2026-01-05 23:48:14 | INFO     | ‚úÖ Music cog loaded
2026-01-05 23:48:14 | INFO     | ‚úÖ Loaded: cogs.music_simple
2026-01-05 23:48:14 | INFO     | ‚úÖ Utility cog loaded
2026-01-05 23:48:14 | INFO     | ‚úÖ Loaded: cogs.utility_new
2026-01-05 23:48:14 | INFO     | ‚úÖ Synced 21 slash commands globally
2026-01-05 23:48:15 | INFO     | Shard ID None has connected to Gateway (Session ID: c5e4ed6c4d77dd2f5cbaef2e2e7bb228).
2026-01-05 23:48:18 | INFO     | ‚îÅ‚îÅ‚îÅ‚îÅ‚îÅ‚îÅ‚îÅ‚îÅ‚îÅ‚îÅ‚îÅ‚îÅ‚îÅ‚îÅ‚îÅ‚îÅ‚îÅ‚îÅ‚îÅ‚îÅ‚îÅ‚îÅ‚îÅ‚îÅ‚îÅ‚îÅ‚îÅ‚îÅ‚îÅ‚îÅ‚îÅ‚îÅ‚îÅ‚îÅ‚îÅ‚îÅ‚îÅ‚îÅ‚îÅ‚îÅ‚îÅ‚îÅ‚îÅ‚îÅ‚îÅ‚îÅ‚îÅ‚îÅ‚îÅ‚îÅ
2026-01-05 23:48:18 | INFO     | üéµ Shlok Music is online!
2026-01-05 23:48:18 | INFO     | üìä Servers: 5
2026-01-05 23:48:18 | INFO     | üë• Users: 108
2026-01-05 23:48:18 | INFO     | ü§ñ Shlok's Music Bot#5200 (ID: 1097878151713017896)
2026-01-05 23:48:18 | INFO     | üì° Latency: 377ms
2026-01-05 23:48:18 | INFO     | ‚îÅ‚îÅ‚îÅ‚îÅ‚îÅ‚îÅ‚îÅ‚îÅ‚îÅ‚îÅ‚îÅ‚îÅ‚îÅ‚îÅ‚îÅ‚îÅ‚îÅ‚îÅ‚îÅ‚îÅ‚îÅ‚îÅ‚îÅ‚îÅ‚îÅ‚îÅ‚îÅ‚îÅ‚îÅ‚îÅ‚îÅ‚îÅ‚îÅ‚îÅ‚îÅ‚îÅ‚îÅ‚îÅ‚îÅ‚îÅ‚îÅ‚îÅ‚îÅ‚îÅ‚îÅ‚îÅ‚îÅ‚îÅ‚îÅ‚îÅ
2026-01-05 23:48:21 | INFO     | 127.0.0.1 [05/Jan/2026:23:48:21 +0530] "GET /health HTTP/1.1" 200 244 "-" "curl/8.7.1"
2026-01-05 23:48:28 | INFO     | 127.0.0.1 [05/Jan/2026:23:48:28 +0530] "GET /health HTTP/1.1" 200 244 "-" "curl/8.7.1"
2026-01-05 23:48:34 | INFO     | 127.0.0.1 [05/Jan/2026:23:48:34 +0530] "GET /health HTTP/1.1" 200 244 "-" "curl/8.7.1"
2026-01-05 23:48:38 | INFO     | Connecting to voice...
2026-01-05 23:48:38 | INFO     | Starting voice handshake... (connection attempt 1)
2026-01-05 23:48:39 | INFO     | Voice handshake complete. Endpoint found: c-bom12-7c27b0a0.discord.media:2053
2026-01-05 23:48:39 | INFO     | Voice connection complete.
2026-01-05 23:49:06 | INFO     | 127.0.0.1 [05/Jan/2026:23:49:06 +0530] "HEAD / HTTP/1.1" 200 153 "https://overfrugally-wholehearted-olin.ngrok-free.dev/" "Mozilla/5.0+(compatible; UptimeRobot/2.0; http://www.uptimerobot.com/)"
2026-01-05 23:49:53 | INFO     | 127.0.0.1 [05/Jan/2026:23:49:53 +0530] "HEAD /health HTTP/1.1" 200 159 "https://overfrugally-wholehearted-olin.ngrok-free.dev/health" "Mozilla/5.0+(compatible; UptimeRobot/2.0; http://www.uptimerobot.com/)"
[tls @ 0xb6b06c000] Error in the pull function.
[tls @ 0xb6b06c000] IO error: Connection reset by peer
[https @ 0xb6ac30000] Will reconnect at 2523120 in 0 second(s), error=Connection reset by peer.
[tls @ 0xb6b06c5a0] Error in the pull function.
[tls @ 0xb6b06c5a0] IO error: Connection reset by peer
[https @ 0xb6ac30000] Will reconnect at 3506160 in 0 second(s), error=Connection reset by peer.
[opus @ 0xb6b238700] Error parsing Opus packet header.
2026-01-05 23:52:21 | INFO     | ffmpeg process 4739 successfully terminated with return code of 0.
2026-01-05 23:54:58 | INFO     | 127.0.0.1 [05/Jan/2026:23:54:58 +0530] "HEAD /health HTTP/1.1" 200 159 "https://overfrugally-wholehearted-olin.ngrok-free.dev/health" "Mozilla/5.0+(compatible; UptimeRobot/2.0; http://www.uptimerobot.com/)"
2026-01-05 23:59:48 | INFO     | Disconnected from voice by force... potentially reconnecting.
2026-01-05 23:59:49 | INFO     | Shard ID None session has been invalidated.
2026-01-05 23:59:55 | INFO     | üõë Shutting down...
2026-01-05 23:59:55 | INFO     | The voice handshake is being terminated for Channel ID 1455544730564694135 (Guild ID 1455544725846102164)
2026-01-05 23:59:55 | INFO     | Reconnect was unsuccessful, disconnecting from voice normally...
2026-01-06 00:00:18 | ERROR    | Handling exception in internal background task ShlokMusicBot.rotate_activity. Retrying in 1.84s
Traceback (most recent call last):
  File "/Library/Frameworks/Python.framework/Versions/3.14/lib/python3.14/site-packages/discord/ext/tasks/__init__.py", line 246, in _loop
    await self.coro(*args, **kwargs)
  File "/Users/ishwarbhingaradiya/Desktop/Shlok/bot.py", line 269, in rotate_activity
    await self.change_presence(
    ...<2 lines>...
    )
  File "/Library/Frameworks/Python.framework/Versions/3.14/lib/python3.14/site-packages/discord/client.py", line 2110, in change_presence
    await self.ws.change_presence(activity=activity, status=status_str)
  File "/Library/Frameworks/Python.framework/Versions/3.14/lib/python3.14/site-packages/discord/gateway.py", line 713, in change_presence
    await self.send(sent)
  File "/Library/Frameworks/Python.framework/Versions/3.14/lib/python3.14/site-packages/discord/gateway.py", line 667, in send
    await self.socket.send_str(data)
  File "/Library/Frameworks/Python.framework/Versions/3.14/lib/python3.14/site-packages/aiohttp/client_ws.py", line 245, in send_str
    await self._writer.send_frame(
        data.encode("utf-8"), WSMsgType.TEXT, compress=compress
    )
  File "/Library/Frameworks/Python.framework/Versions/3.14/lib/python3.14/site-packages/aiohttp/_websocket/writer.py", line 83, in send_frame
    self._write_websocket_frame(message, opcode, 0)
    ~~~~~~~~~~~~~~~~~~~~~~~~~~~^^^^^^^^^^^^^^^^^^^^
  File "/Library/Frameworks/Python.framework/Versions/3.14/lib/python3.14/site-packages/aiohttp/_websocket/writer.py", line 151, in _write_websocket_frame
    raise ClientConnectionResetError("Cannot write to closing transport")
aiohttp.client_exceptions.ClientConnectionResetError: Cannot write to closing transport
2026-01-06 00:00:20 | ERROR    | Handling exception in internal background task ShlokMusicBot.rotate_activity. Retrying in 2.39s
Traceback (most recent call last):
  File "/Library/Frameworks/Python.framework/Versions/3.14/lib/python3.14/site-packages/discord/ext/tasks/__init__.py", line 246, in _loop
    await self.coro(*args, **kwargs)
  File "/Users/ishwarbhingaradiya/Desktop/Shlok/bot.py", line 269, in rotate_activity
    await self.change_presence(
    ...<2 lines>...
    )
  File "/Library/Frameworks/Python.framework/Versions/3.14/lib/python3.14/site-packages/discord/client.py", line 2110, in change_presence
    await self.ws.change_presence(activity=activity, status=status_str)
  File "/Library/Frameworks/Python.framework/Versions/3.14/lib/python3.14/site-packages/discord/gateway.py", line 713, in change_presence
    await self.send(sent)
  File "/Library/Frameworks/Python.framework/Versions/3.14/lib/python3.14/site-packages/discord/gateway.py", line 667, in send
    await self.socket.send_str(data)
  File "/Library/Frameworks/Python.framework/Versions/3.14/lib/python3.14/site-packages/aiohttp/client_ws.py", line 245, in send_str
    await self._writer.send_frame(
        data.encode("utf-8"), WSMsgType.TEXT, compress=compress
    )
  File "/Library/Frameworks/Python.framework/Versions/3.14/lib/python3.14/site-packages/aiohttp/_websocket/writer.py", line 83, in send_frame
    self._write_websocket_frame(message, opcode, 0)
    ~~~~~~~~~~~~~~~~~~~~~~~~~~~^^^^^^^^^^^^^^^^^^^^
  File "/Library/Frameworks/Python.framework/Versions/3.14/lib/python3.14/site-packages/aiohttp/_websocket/writer.py", line 151, in _write_websocket_frame
    raise ClientConnectionResetError("Cannot write to closing transport")
aiohttp.client_exceptions.ClientConnectionResetError: Cannot write to closing transport
2026-01-06 00:00:22 | ERROR    | Handling exception in internal background task ShlokMusicBot.rotate_activity. Retrying in 1.12s
Traceback (most recent call last):
  File "/Library/Frameworks/Python.framework/Versions/3.14/lib/python3.14/site-packages/discord/ext/tasks/__init__.py", line 246, in _loop
    await self.coro(*args, **kwargs)
  File "/Users/ishwarbhingaradiya/Desktop/Shlok/bot.py", line 269, in rotate_activity
    await self.change_presence(
    ...<2 lines>...
    )
  File "/Library/Frameworks/Python.framework/Versions/3.14/lib/python3.14/site-packages/discord/client.py", line 2110, in change_presence
    await self.ws.change_presence(activity=activity, status=status_str)
  File "/Library/Frameworks/Python.framework/Versions/3.14/lib/python3.14/site-packages/discord/gateway.py", line 713, in change_presence
    await self.send(sent)
  File "/Library/Frameworks/Python.framework/Versions/3.14/lib/python3.14/site-packages/discord/gateway.py", line 667, in send
    await self.socket.send_str(data)
  File "/Library/Frameworks/Python.framework/Versions/3.14/lib/python3.14/site-packages/aiohttp/client_ws.py", line 245, in send_str
    await self._writer.send_frame(
        data.encode("utf-8"), WSMsgType.TEXT, compress=compress
    )
  File "/Library/Frameworks/Python.framework/Versions/3.14/lib/python3.14/site-packages/aiohttp/_websocket/writer.py", line 83, in send_frame
    self._write_websocket_frame(message, opcode, 0)
    ~~~~~~~~~~~~~~~~~~~~~~~~~~~^^^^^^^^^^^^^^^^^^^^
  File "/Library/Frameworks/Python.framework/Versions/3.14/lib/python3.14/site-packages/aiohttp/_websocket/writer.py", line 151, in _write_websocket_frame
    raise ClientConnectionResetError("Cannot write to closing transport")
aiohttp.client_exceptions.ClientConnectionResetError: Cannot write to closing transport
2026-01-06 00:00:23 | ERROR    | Handling exception in internal background task ShlokMusicBot.rotate_activity. Retrying in 3.57s
Traceback (most recent call last):
  File "/Library/Frameworks/Python.framework/Versions/3.14/lib/python3.14/site-packages/discord/ext/tasks/__init__.py", line 246, in _loop
    await self.coro(*args, **kwargs)
  File "/Users/ishwarbhingaradiya/Desktop/Shlok/bot.py", line 269, in rotate_activity
    await self.change_presence(
    ...<2 lines>...
    )
  File "/Library/Frameworks/Python.framework/Versions/3.14/lib/python3.14/site-packages/discord/client.py", line 2110, in change_presence
    await self.ws.change_presence(activity=activity, status=status_str)
  File "/Library/Frameworks/Python.framework/Versions/3.14/lib/python3.14/site-packages/discord/gateway.py", line 713, in change_presence
    await self.send(sent)
  File "/Library/Frameworks/Python.framework/Versions/3.14/lib/python3.14/site-packages/discord/gateway.py", line 667, in send
    await self.socket.send_str(data)
  File "/Library/Frameworks/Python.framework/Versions/3.14/lib/python3.14/site-packages/aiohttp/client_ws.py", line 245, in send_str
    await self._writer.send_frame(
        data.encode("utf-8"), WSMsgType.TEXT, compress=compress
    )
  File "/Library/Frameworks/Python.framework/Versions/3.14/lib/python3.14/site-packages/aiohttp/_websocket/writer.py", line 83, in send_frame
    self._write_websocket_frame(message, opcode, 0)
    ~~~~~~~~~~~~~~~~~~~~~~~~~~~^^^^^^^^^^^^^^^^^^^^
  File "/Library/Frameworks/Python.framework/Versions/3.14/lib/python3.14/site-packages/aiohttp/_websocket/writer.py", line 151, in _write_websocket_frame
    raise ClientConnectionResetError("Cannot write to closing transport")
aiohttp.client_exceptions.ClientConnectionResetError: Cannot write to closing transport
2026-01-06 00:00:25 | CRITICAL | ‚ùå Error: Shard ID None WebSocket closed with 4004
2026-01-06 00:00:25 | INFO     | üõë Shutting down...

    ‚ïî‚ïê‚ïê‚ïê‚ïê‚ïê‚ïê‚ïê‚ïê‚ïê‚ïê‚ïê‚ïê‚ïê‚ïê‚ïê‚ïê‚ïê‚ïê‚ïê‚ïê‚ïê‚ïê‚ïê‚ïê‚ïê‚ïê‚ïê‚ïê‚ïê‚ïê‚ïê‚ïê‚ïê‚ïê‚ïê‚ïê‚ïê‚ïê‚ïê‚ïê‚ïê‚ïê‚ïê‚ïê‚ïê‚ïê‚ïê‚ïê‚ïê‚ïê‚ïê‚ïê‚ïê‚ïê‚ïê‚ïê‚ïê‚ïê‚ïê‚ïê‚ïê‚ïê‚ïó
    ‚ïë                                                              ‚ïë
    ‚ïë   üéµ  S H L O K   M U S I C   B O T  üéµ                     ‚ïë
    ‚ïë                                                              ‚ïë
    ‚ïë   High-Quality Discord Music Streaming                       ‚ïë
    ‚ïë   24/7 Mode Enabled                                          ‚ïë
    ‚ïë                                                              ‚ïë
    ‚ïö‚ïê‚ïê‚ïê‚ïê‚ïê‚ïê‚ïê‚ïê‚ïê‚ïê‚ïê‚ïê‚ïê‚ïê‚ïê‚ïê‚ïê‚ïê‚ïê‚ïê‚ïê‚ïê‚ïê‚ïê‚ïê‚ïê‚ïê‚ïê‚ïê‚ïê‚ïê‚ïê‚ïê‚ïê‚ïê‚ïê‚ïê‚ïê‚ïê‚ïê‚ïê‚ïê‚ïê‚ïê‚ïê‚ïê‚ïê‚ïê‚ïê‚ïê‚ïê‚ïê‚ïê‚ïê‚ïê‚ïê‚ïê‚ïê‚ïê‚ïê‚ïê‚ïê‚ïù
    
‚úÖ Opus library loaded successfully
üåê Web server running on port 8000
